2021-11-29 23:21:37.565 ERROR org.springframework.boot.SpringApplication - Application run failed
org.springframework.beans.factory.BeanCreationException: Error creating bean with name 'cloudReferenceBeanPostProcessor': Initialization of bean failed; nested exception is java.lang.IllegalArgumentException: Pointcut is not well-formed: expecting 'name pattern cannot finish with ..' at character position 28
execution(* org.qee.cloud.. *(..))
                            ^

	at org.springframework.beans.factory.support.AbstractAutowireCapableBeanFactory.doCreateBean(AbstractAutowireCapableBeanFactory.java:581)
	at org.springframework.beans.factory.support.AbstractAutowireCapableBeanFactory.createBean(AbstractAutowireCapableBeanFactory.java:495)
	at org.springframework.beans.factory.support.AbstractBeanFactory.lambda$doGetBean$0(AbstractBeanFactory.java:317)
	at org.springframework.beans.factory.support.DefaultSingletonBeanRegistry.getSingleton(DefaultSingletonBeanRegistry.java:222)
	at org.springframework.beans.factory.support.AbstractBeanFactory.doGetBean(AbstractBeanFactory.java:315)
	at org.springframework.beans.factory.support.AbstractBeanFactory.getBean(AbstractBeanFactory.java:204)
	at org.springframework.context.support.PostProcessorRegistrationDelegate.registerBeanPostProcessors(PostProcessorRegistrationDelegate.java:236)
	at org.springframework.context.support.AbstractApplicationContext.registerBeanPostProcessors(AbstractApplicationContext.java:710)
	at org.springframework.context.support.AbstractApplicationContext.refresh(AbstractApplicationContext.java:535)
	at org.springframework.boot.web.servlet.context.ServletWebServerApplicationContext.refresh(ServletWebServerApplicationContext.java:140)
	at org.springframework.boot.SpringApplication.refresh(SpringApplication.java:762)
	at org.springframework.boot.SpringApplication.refreshContext(SpringApplication.java:398)
	at org.springframework.boot.SpringApplication.run(SpringApplication.java:330)
	at org.springframework.boot.SpringApplication.run(SpringApplication.java:1258)
	at org.springframework.boot.SpringApplication.run(SpringApplication.java:1246)
	at com.qee.cloud.demo.provider.DemoProvider.main(DemoProvider.java:20)
Caused by: java.lang.IllegalArgumentException: Pointcut is not well-formed: expecting 'name pattern cannot finish with ..' at character position 28
execution(* org.qee.cloud.. *(..))
                            ^

	at org.aspectj.weaver.tools.PointcutParser.resolvePointcutExpression(PointcutParser.java:316)
	at org.aspectj.weaver.reflect.InternalUseOnlyPointcutParser.resolvePointcutExpression(InternalUseOnlyPointcutParser.java:36)
	at org.aspectj.weaver.reflect.Java15ReflectionBasedReferenceTypeDelegate.getDeclaredPointcuts(Java15ReflectionBasedReferenceTypeDelegate.java:299)
	at org.aspectj.weaver.ReferenceType.getDeclaredPointcuts(ReferenceType.java:788)
	at org.aspectj.weaver.ResolvedType$PointcutGetter.get(ResolvedType.java:237)
	at org.aspectj.weaver.ResolvedType$PointcutGetter.get(ResolvedType.java:235)
	at org.aspectj.weaver.Iterators$4$1.hasNext(Iterators.java:213)
	at org.aspectj.weaver.Iterators$4.hasNext(Iterators.java:230)
	at org.aspectj.weaver.ResolvedType.findPointcut(ResolvedType.java:722)
	at org.aspectj.weaver.patterns.ReferencePointcut.resolveBindings(ReferencePointcut.java:148)
	at org.aspectj.weaver.patterns.Pointcut.resolve(Pointcut.java:189)
	at org.aspectj.weaver.tools.PointcutParser.resolvePointcutExpression(PointcutParser.java:313)
	at org.aspectj.weaver.tools.PointcutParser.parsePointcutExpression(PointcutParser.java:294)
	at org.springframework.aop.aspectj.AspectJExpressionPointcut.buildPointcutExpression(AspectJExpressionPointcut.java:227)
	at org.springframework.aop.aspectj.AspectJExpressionPointcut.obtainPointcutExpression(AspectJExpressionPointcut.java:198)
	at org.springframework.aop.aspectj.AspectJExpressionPointcut.getClassFilter(AspectJExpressionPointcut.java:177)
	at org.springframework.aop.support.AopUtils.canApply(AopUtils.java:225)
	at org.springframework.aop.support.AopUtils.canApply(AopUtils.java:288)
	at org.springframework.aop.support.AopUtils.findAdvisorsThatCanApply(AopUtils.java:320)
	at org.springframework.aop.framework.autoproxy.AbstractAdvisorAutoProxyCreator.findAdvisorsThatCanApply(AbstractAdvisorAutoProxyCreator.java:126)
	at org.springframework.aop.framework.autoproxy.AbstractAdvisorAutoProxyCreator.findEligibleAdvisors(AbstractAdvisorAutoProxyCreator.java:95)
	at org.springframework.aop.framework.autoproxy.AbstractAdvisorAutoProxyCreator.getAdvicesAndAdvisorsForBean(AbstractAdvisorAutoProxyCreator.java:76)
	at org.springframework.aop.framework.autoproxy.AbstractAutoProxyCreator.wrapIfNecessary(AbstractAutoProxyCreator.java:352)
	at org.springframework.aop.framework.autoproxy.AbstractAutoProxyCreator.postProcessAfterInitialization(AbstractAutoProxyCreator.java:304)
	at org.springframework.beans.factory.support.AbstractAutowireCapableBeanFactory.applyBeanPostProcessorsAfterInitialization(AbstractAutowireCapableBeanFactory.java:431)
	at org.springframework.beans.factory.support.AbstractAutowireCapableBeanFactory.initializeBean(AbstractAutowireCapableBeanFactory.java:1703)
	at org.springframework.beans.factory.support.AbstractAutowireCapableBeanFactory.doCreateBean(AbstractAutowireCapableBeanFactory.java:573)
	... 15 common frames omitted
